# JRE version: Java(TM) SE Runtime Environment (8.0_231-b11) (build 1.8.0_231-b11)
# Java VM: Java HotSpot(TM) 64-Bit Server VM (25.231-b11 mixed mode windows-amd64 compressed oops)
Heap:
 PSYoungGen      total 233984K, used 100170K [0x00000000d5f00000, 0x00000000e4e00000, 0x0000000100000000)
  eden space 223232K, 41% used [0x00000000d5f00000,0x00000000db87ed08,0x00000000e3900000)
  from space 10752K, 79% used [0x00000000e3900000,0x00000000e4153d78,0x00000000e4380000)
  to   space 6656K, 0% used [0x00000000e4780000,0x00000000e4780000,0x00000000e4e00000)
 ParOldGen       total 73728K, used 20978K [0x0000000081c00000, 0x0000000086400000, 0x00000000d5f00000)
  object space 73728K, 28% used [0x0000000081c00000,0x000000008307cb88,0x0000000086400000)
 Metaspace       used 50765K, capacity 53586K, committed 53888K, reserved 1095680K
  class space    used 6464K, capacity 6941K, committed 7040K, reserved 1048576K
GC Heap History (10 events):
Event: 11.885 GC heap before
{Heap before GC invocations=11 (full 1):
 PSYoungGen      total 125440K, used 43096K [0x00000000d5f00000, 0x00000000e1500000, 0x0000000100000000)
  eden space 117248K, 29% used [0x00000000d5f00000,0x00000000d811bb70,0x00000000dd180000)
  from space 8192K, 99% used [0x00000000dd180000,0x00000000dd97a858,0x00000000dd980000)
  to   space 10240K, 0% used [0x00000000e0b00000,0x00000000e0b00000,0x00000000e1500000)
 ParOldGen       total 51200K, used 9661K [0x0000000081c00000, 0x0000000084e00000, 0x00000000d5f00000)
  object space 51200K, 18% used [0x0000000081c00000,0x000000008256f5c8,0x0000000084e00000)
 Metaspace       used 33534K, capacity 35402K, committed 35496K, reserved 1079296K
  class space    used 4441K, capacity 4785K, committed 4864K, reserved 1048576K
Event: 11.894 GC heap after
Heap after GC invocations=11 (full 1):
 PSYoungGen      total 174080K, used 5430K [0x00000000d5f00000, 0x00000000e1400000, 0x0000000100000000)
  eden space 164864K, 0% used [0x00000000d5f00000,0x00000000d5f00000,0x00000000e0000000)
  from space 9216K, 58% used [0x00000000e0b00000,0x00000000e104db68,0x00000000e1400000)
  to   space 10240K, 0% used [0x00000000e0000000,0x00000000e0000000,0x00000000e0a00000)
 ParOldGen       total 51200K, used 12875K [0x0000000081c00000, 0x0000000084e00000, 0x00000000d5f00000)
  object space 51200K, 25% used [0x0000000081c00000,0x0000000082892e58,0x0000000084e00000)
 Metaspace       used 33534K, capacity 35402K, committed 35496K, reserved 1079296K
  class space    used 4441K, capacity 4785K, committed 4864K, reserved 1048576K
}
Event: 11.894 GC heap before
{Heap before GC invocations=12 (full 2):
 PSYoungGen      total 174080K, used 5430K [0x00000000d5f00000, 0x00000000e1400000, 0x0000000100000000)
  eden space 164864K, 0% used [0x00000000d5f00000,0x00000000d5f00000,0x00000000e0000000)
  from space 9216K, 58% used [0x00000000e0b00000,0x00000000e104db68,0x00000000e1400000)
  to   space 10240K, 0% used [0x00000000e0000000,0x00000000e0000000,0x00000000e0a00000)
 ParOldGen       total 51200K, used 12875K [0x0000000081c00000, 0x0000000084e00000, 0x00000000d5f00000)
  object space 51200K, 25% used [0x0000000081c00000,0x0000000082892e58,0x0000000084e00000)
 Metaspace       used 33534K, capacity 35402K, committed 35496K, reserved 1079296K
  class space    used 4441K, capacity 4785K, committed 4864K, reserved 1048576K
Event: 11.976 GC heap after
Heap after GC invocations=12 (full 2):
 PSYoungGen      total 174080K, used 0K [0x00000000d5f00000, 0x00000000e1400000, 0x0000000100000000)
  eden space 164864K, 0% used [0x00000000d5f00000,0x00000000d5f00000,0x00000000e0000000)
  from space 9216K, 0% used [0x00000000e0b00000,0x00000000e0b00000,0x00000000e1400000)
  to   space 10240K, 0% used [0x00000000e0000000,0x00000000e0000000,0x00000000e0a00000)
 ParOldGen       total 73728K, used 13994K [0x0000000081c00000, 0x0000000086400000, 0x00000000d5f00000)
  object space 73728K, 18% used [0x0000000081c00000,0x00000000829aaa68,0x0000000086400000)
 Metaspace       used 33534K, capacity 35402K, committed 35496K, reserved 1079296K
  class space    used 4441K, capacity 4785K, committed 4864K, reserved 1048576K
}
Event: 17.845 GC heap before
{Heap before GC invocations=13 (full 2):
 PSYoungGen      total 174080K, used 164858K [0x00000000d5f00000, 0x00000000e1400000, 0x0000000100000000)
  eden space 164864K, 99% used [0x00000000d5f00000,0x00000000dfffea18,0x00000000e0000000)
  from space 9216K, 0% used [0x00000000e0b00000,0x00000000e0b00000,0x00000000e1400000)
  to   space 10240K, 0% used [0x00000000e0000000,0x00000000e0000000,0x00000000e0a00000)
 ParOldGen       total 73728K, used 13994K [0x0000000081c00000, 0x0000000086400000, 0x00000000d5f00000)
  object space 73728K, 18% used [0x0000000081c00000,0x00000000829aaa68,0x0000000086400000)
 Metaspace       used 41731K, capacity 43780K, committed 44032K, reserved 1087488K
  class space    used 5413K, capacity 5816K, committed 5888K, reserved 1048576K
Event: 17.880 GC heap after
Heap after GC invocations=13 (full 2):
 PSYoungGen      total 175104K, used 8487K [0x00000000d5f00000, 0x00000000e5200000, 0x0000000100000000)
  eden space 164864K, 0% used [0x00000000d5f00000,0x00000000d5f00000,0x00000000e0000000)
  from space 10240K, 82% used [0x00000000e0000000,0x00000000e0849ea8,0x00000000e0a00000)
  to   space 10752K, 0% used [0x00000000e4780000,0x00000000e4780000,0x00000000e5200000)
 ParOldGen       total 73728K, used 14066K [0x0000000081c00000, 0x0000000086400000, 0x00000000d5f00000)
  object space 73728K, 19% used [0x0000000081c00000,0x00000000829bca78,0x0000000086400000)
 Metaspace       used 41731K, capacity 43780K, committed 44032K, reserved 1087488K
  class space    used 5413K, capacity 5816K, committed 5888K, reserved 1048576K
}
Event: 19.848 GC heap before
{Heap before GC invocations=14 (full 2):
 PSYoungGen      total 175104K, used 173351K [0x00000000d5f00000, 0x00000000e5200000, 0x0000000100000000)
  eden space 164864K, 100% used [0x00000000d5f00000,0x00000000e0000000,0x00000000e0000000)
  from space 10240K, 82% used [0x00000000e0000000,0x00000000e0849ea8,0x00000000e0a00000)
  to   space 10752K, 0% used [0x00000000e4780000,0x00000000e4780000,0x00000000e5200000)
 ParOldGen       total 73728K, used 14066K [0x0000000081c00000, 0x0000000086400000, 0x00000000d5f00000)
  object space 73728K, 19% used [0x0000000081c00000,0x00000000829bca78,0x0000000086400000)
 Metaspace       used 43909K, capacity 46080K, committed 46208K, reserved 1089536K
  class space    used 5583K, capacity 5986K, committed 6016K, reserved 1048576K
Event: 19.863 GC heap after
Heap after GC invocations=14 (full 2):
 PSYoungGen      total 229888K, used 4352K [0x00000000d5f00000, 0x00000000e4e00000, 0x0000000100000000)
  eden space 223232K, 0% used [0x00000000d5f00000,0x00000000d5f00000,0x00000000e3900000)
  from space 6656K, 65% used [0x00000000e4780000,0x00000000e4bc01c0,0x00000000e4e00000)
  to   space 10752K, 0% used [0x00000000e3900000,0x00000000e3900000,0x00000000e4380000)
 ParOldGen       total 73728K, used 17642K [0x0000000081c00000, 0x0000000086400000, 0x00000000d5f00000)
  object space 73728K, 23% used [0x0000000081c00000,0x0000000082d3ab38,0x0000000086400000)
 Metaspace       used 43909K, capacity 46080K, committed 46208K, reserved 1089536K
  class space    used 5583K, capacity 5986K, committed 6016K, reserved 1048576K
}
Event: 23.725 GC heap before
{Heap before GC invocations=15 (full 2):
 PSYoungGen      total 229888K, used 227584K [0x00000000d5f00000, 0x00000000e4e00000, 0x0000000100000000)
  eden space 223232K, 100% used [0x00000000d5f00000,0x00000000e3900000,0x00000000e3900000)
  from space 6656K, 65% used [0x00000000e4780000,0x00000000e4bc01c0,0x00000000e4e00000)
  to   space 10752K, 0% used [0x00000000e3900000,0x00000000e3900000,0x00000000e4380000)
 ParOldGen       total 73728K, used 17642K [0x0000000081c00000, 0x0000000086400000, 0x00000000d5f00000)
  object space 73728K, 23% used [0x0000000081c00000,0x0000000082d3ab38,0x0000000086400000)
 Metaspace       used 47331K, capacity 50032K, committed 50304K, reserved 1093632K
  class space    used 6026K, capacity 6488K, committed 6528K, reserved 1048576K
Event: 23.760 GC heap after
Heap after GC invocations=15 (full 2):
 PSYoungGen      total 233984K, used 8527K [0x00000000d5f00000, 0x00000000e4e00000, 0x0000000100000000)
  eden space 223232K, 0% used [0x00000000d5f00000,0x00000000d5f00000,0x00000000e3900000)
  from space 10752K, 79% used [0x00000000e3900000,0x00000000e4153d78,0x00000000e4380000)
  to   space 6656K, 0% used [0x00000000e4780000,0x00000000e4780000,0x00000000e4e00000)
 ParOldGen       total 73728K, used 20978K [0x0000000081c00000, 0x0000000086400000, 0x00000000d5f00000)
  object space 73728K, 28% used [0x0000000081c00000,0x000000008307cb88,0x0000000086400000)
 Metaspace       used 47331K, capacity 50032K, committed 50304K, reserved 1093632K
  class space    used 6026K, capacity 6488K, committed 6528K, reserved 1048576K
}

