# JRE version: Java(TM) SE Runtime Environment (8.0_231-b11) (build 1.8.0_231-b11)
# Java VM: Java HotSpot(TM) 64-Bit Server VM (25.231-b11 mixed mode windows-amd64 compressed oops)
Heap:
 PSYoungGen      total 274432K, used 45312K [0x00000000d5f00000, 0x00000000ec200000, 0x0000000100000000)
  eden space 262144K, 12% used [0x00000000d5f00000,0x00000000d7f42358,0x00000000e5f00000)
  from space 12288K, 99% used [0x00000000e5f00000,0x00000000e6afdd70,0x00000000e6b00000)
  to   space 16384K, 0% used [0x00000000eb200000,0x00000000eb200000,0x00000000ec200000)
 ParOldGen       total 73216K, used 20522K [0x0000000081c00000, 0x0000000086380000, 0x00000000d5f00000)
  object space 73216K, 28% used [0x0000000081c00000,0x000000008300ab40,0x0000000086380000)
 Metaspace       used 46635K, capacity 49022K, committed 49104K, reserved 1091584K
  class space    used 5919K, capacity 6353K, committed 6400K, reserved 1048576K
GC Heap History (10 events):
Event: 7.038 GC heap before
{Heap before GC invocations=7 (full 1):
 PSYoungGen      total 138240K, used 133120K [0x00000000d5f00000, 0x00000000e7700000, 0x0000000100000000)
  eden space 133120K, 100% used [0x00000000d5f00000,0x00000000de100000,0x00000000de100000)
  from space 5120K, 0% used [0x00000000de100000,0x00000000de100000,0x00000000de600000)
  to   space 10240K, 0% used [0x00000000e6d00000,0x00000000e6d00000,0x00000000e7700000)
 ParOldGen       total 48128K, used 5904K [0x0000000081c00000, 0x0000000084b00000, 0x00000000d5f00000)
  object space 48128K, 12% used [0x0000000081c00000,0x00000000821c4360,0x0000000084b00000)
 Metaspace       used 27940K, capacity 29608K, committed 29696K, reserved 1075200K
  class space    used 3733K, capacity 4084K, committed 4096K, reserved 1048576K
Event: 7.056 GC heap after
Heap after GC invocations=7 (full 1):
 PSYoungGen      total 257024K, used 10229K [0x00000000d5f00000, 0x00000000e7700000, 0x0000000100000000)
  eden space 246784K, 0% used [0x00000000d5f00000,0x00000000d5f00000,0x00000000e5000000)
  from space 10240K, 99% used [0x00000000e6d00000,0x00000000e76fd440,0x00000000e7700000)
  to   space 12288K, 0% used [0x00000000e5f00000,0x00000000e5f00000,0x00000000e6b00000)
 ParOldGen       total 48128K, used 6881K [0x0000000081c00000, 0x0000000084b00000, 0x00000000d5f00000)
  object space 48128K, 14% used [0x0000000081c00000,0x00000000822b84b0,0x0000000084b00000)
 Metaspace       used 27940K, capacity 29608K, committed 29696K, reserved 1075200K
  class space    used 3733K, capacity 4084K, committed 4096K, reserved 1048576K
}
Event: 9.580 GC heap before
{Heap before GC invocations=8 (full 1):
 PSYoungGen      total 257024K, used 173119K [0x00000000d5f00000, 0x00000000e7700000, 0x0000000100000000)
  eden space 246784K, 66% used [0x00000000d5f00000,0x00000000dfe12b70,0x00000000e5000000)
  from space 10240K, 99% used [0x00000000e6d00000,0x00000000e76fd440,0x00000000e7700000)
  to   space 12288K, 0% used [0x00000000e5f00000,0x00000000e5f00000,0x00000000e6b00000)
 ParOldGen       total 48128K, used 6881K [0x0000000081c00000, 0x0000000084b00000, 0x00000000d5f00000)
  object space 48128K, 14% used [0x0000000081c00000,0x00000000822b84b0,0x0000000084b00000)
 Metaspace       used 34027K, capacity 35916K, committed 36048K, reserved 1081344K
  class space    used 4515K, capacity 4850K, committed 4864K, reserved 1048576K
Event: 9.616 GC heap after
Heap after GC invocations=8 (full 1):
 PSYoungGen      total 259072K, used 12286K [0x00000000d5f00000, 0x00000000e7700000, 0x0000000100000000)
  eden space 246784K, 0% used [0x00000000d5f00000,0x00000000d5f00000,0x00000000e5000000)
  from space 12288K, 99% used [0x00000000e5f00000,0x00000000e6aff998,0x00000000e6b00000)
  to   space 10240K, 0% used [0x00000000e6d00000,0x00000000e6d00000,0x00000000e7700000)
 ParOldGen       total 48128K, used 8968K [0x0000000081c00000, 0x0000000084b00000, 0x00000000d5f00000)
  object space 48128K, 18% used [0x0000000081c00000,0x00000000824c21b8,0x0000000084b00000)
 Metaspace       used 34027K, capacity 35916K, committed 36048K, reserved 1081344K
  class space    used 4515K, capacity 4850K, committed 4864K, reserved 1048576K
}
Event: 9.616 GC heap before
{Heap before GC invocations=9 (full 2):
 PSYoungGen      total 259072K, used 12286K [0x00000000d5f00000, 0x00000000e7700000, 0x0000000100000000)
  eden space 246784K, 0% used [0x00000000d5f00000,0x00000000d5f00000,0x00000000e5000000)
  from space 12288K, 99% used [0x00000000e5f00000,0x00000000e6aff998,0x00000000e6b00000)
  to   space 10240K, 0% used [0x00000000e6d00000,0x00000000e6d00000,0x00000000e7700000)
 ParOldGen       total 48128K, used 8968K [0x0000000081c00000, 0x0000000084b00000, 0x00000000d5f00000)
  object space 48128K, 18% used [0x0000000081c00000,0x00000000824c21b8,0x0000000084b00000)
 Metaspace       used 34027K, capacity 35916K, committed 36048K, reserved 1081344K
  class space    used 4515K, capacity 4850K, committed 4864K, reserved 1048576K
Event: 9.766 GC heap after
Heap after GC invocations=9 (full 2):
 PSYoungGen      total 259072K, used 0K [0x00000000d5f00000, 0x00000000e7700000, 0x0000000100000000)
  eden space 246784K, 0% used [0x00000000d5f00000,0x00000000d5f00000,0x00000000e5000000)
  from space 12288K, 0% used [0x00000000e5f00000,0x00000000e5f00000,0x00000000e6b00000)
  to   space 10240K, 0% used [0x00000000e6d00000,0x00000000e6d00000,0x00000000e7700000)
 ParOldGen       total 73216K, used 19189K [0x0000000081c00000, 0x0000000086380000, 0x00000000d5f00000)
  object space 73216K, 26% used [0x0000000081c00000,0x0000000082ebd5b0,0x0000000086380000)
 Metaspace       used 34027K, capacity 35916K, committed 36048K, reserved 1081344K
  class space    used 4515K, capacity 4850K, committed 4864K, reserved 1048576K
}
Event: 13.331 GC heap before
{Heap before GC invocations=10 (full 2):
 PSYoungGen      total 259072K, used 246784K [0x00000000d5f00000, 0x00000000e7700000, 0x0000000100000000)
  eden space 246784K, 100% used [0x00000000d5f00000,0x00000000e5000000,0x00000000e5000000)
  from space 12288K, 0% used [0x00000000e5f00000,0x00000000e5f00000,0x00000000e6b00000)
  to   space 10240K, 0% used [0x00000000e6d00000,0x00000000e6d00000,0x00000000e7700000)
 ParOldGen       total 73216K, used 19189K [0x0000000081c00000, 0x0000000086380000, 0x00000000d5f00000)
  object space 73216K, 26% used [0x0000000081c00000,0x0000000082ebd5b0,0x0000000086380000)
 Metaspace       used 42582K, capacity 44622K, committed 44752K, reserved 1087488K
  class space    used 5477K, capacity 5855K, committed 5888K, reserved 1048576K
Event: 13.342 GC heap after
Heap after GC invocations=10 (full 2):
 PSYoungGen      total 257024K, used 9130K [0x00000000d5f00000, 0x00000000e7700000, 0x0000000100000000)
  eden space 246784K, 0% used [0x00000000d5f00000,0x00000000d5f00000,0x00000000e5000000)
  from space 10240K, 89% used [0x00000000e6d00000,0x00000000e75ea818,0x00000000e7700000)
  to   space 12288K, 0% used [0x00000000e5f00000,0x00000000e5f00000,0x00000000e6b00000)
 ParOldGen       total 73216K, used 19269K [0x0000000081c00000, 0x0000000086380000, 0x00000000d5f00000)
  object space 73216K, 26% used [0x0000000081c00000,0x0000000082ed15c0,0x0000000086380000)
 Metaspace       used 42582K, capacity 44622K, committed 44752K, reserved 1087488K
  class space    used 5477K, capacity 5855K, committed 5888K, reserved 1048576K
}
Event: 16.454 GC heap before
{Heap before GC invocations=11 (full 2):
 PSYoungGen      total 257024K, used 255914K [0x00000000d5f00000, 0x00000000e7700000, 0x0000000100000000)
  eden space 246784K, 100% used [0x00000000d5f00000,0x00000000e5000000,0x00000000e5000000)
  from space 10240K, 89% used [0x00000000e6d00000,0x00000000e75ea818,0x00000000e7700000)
  to   space 12288K, 0% used [0x00000000e5f00000,0x00000000e5f00000,0x00000000e6b00000)
 ParOldGen       total 73216K, used 19269K [0x0000000081c00000, 0x0000000086380000, 0x00000000d5f00000)
  object space 73216K, 26% used [0x0000000081c00000,0x0000000082ed15c0,0x0000000086380000)
 Metaspace       used 46186K, capacity 48508K, committed 48848K, reserved 1091584K
  class space    used 5855K, capacity 6288K, committed 6400K, reserved 1048576K
Event: 16.478 GC heap after
Heap after GC invocations=11 (full 2):
 PSYoungGen      total 274432K, used 12279K [0x00000000d5f00000, 0x00000000ec200000, 0x0000000100000000)
  eden space 262144K, 0% used [0x00000000d5f00000,0x00000000d5f00000,0x00000000e5f00000)
  from space 12288K, 99% used [0x00000000e5f00000,0x00000000e6afdd70,0x00000000e6b00000)
  to   space 16384K, 0% used [0x00000000eb200000,0x00000000eb200000,0x00000000ec200000)
 ParOldGen       total 73216K, used 20522K [0x0000000081c00000, 0x0000000086380000, 0x00000000d5f00000)
  object space 73216K, 28% used [0x0000000081c00000,0x000000008300ab40,0x0000000086380000)
 Metaspace       used 46186K, capacity 48508K, committed 48848K, reserved 1091584K
  class space    used 5855K, capacity 6288K, committed 6400K, reserved 1048576K
}

